16:58:16 INFO - Enviando POST a https://jsonplaceholder.typicode.com/posts con payload: {'title': 'Cost nearly people official drop above cell.', 'body': 'Interest stop lawyer energy relationship. Mention beyond beyond family reduce. Firm bad brother collection participant.', 'id': 9}
16:58:17 INFO - Post creado con id=101
16:58:17 INFO - Enviando PATCH a https://jsonplaceholder.typicode.com/posts/101 con payload: {'title': 'Titulo actualizado por QA'}
16:58:18 INFO - Titulo actualizado correctamente
16:58:18 INFO - Enviando DELETE a https://jsonplaceholder.typicode.com/posts/101
16:58:18 INFO - Post 101 eliminado correctamente
16:58:18 INFO - Flujo completo en 1.58s
17:00:52 INFO - Creando usuario name=Theresa Russell, job=Town planner
17:00:54 INFO - Usuario creado correctamente con id=757, createdAt=2026-07-04T20:00:18.478Z
17:00:54 INFO - Creando usuario name=Elizabeth Stewart, job=Geologist, wellsite
17:00:56 INFO - Usuario creado correctamente con id=764, createdAt=2026-07-04T20:00:19.846Z
17:00:56 INFO - Creando usuario name=Christine Gray, job=Surveyor, planning and development
17:00:57 INFO - Usuario creado correctamente con id=671, createdAt=2026-07-04T20:00:21.166Z
17:02:43 INFO - Creando usuario name=Christopher Patterson, job=Special educational needs teacher
17:02:45 INFO - Usuario creado correctamente con id=142, createdAt=2026-07-04T20:02:08.879Z
17:02:45 INFO - Creando usuario name=Ryan Anderson, job=Amenity horticulturist
17:02:46 INFO - Usuario creado correctamente con id=46, createdAt=2026-07-04T20:02:10.329Z
17:02:46 INFO - Creando usuario name=Jacqueline Stevenson, job=Community development worker
17:02:48 INFO - Usuario creado correctamente con id=889, createdAt=2026-07-04T20:02:11.655Z
17:02:50 INFO - Enviando POST a https://jsonplaceholder.typicode.com/posts con payload: {'title': 'Suffer deal another ability ever job accept.', 'body': 'Take could eat often. Stop thing tend. Hospital teacher small.', 'id': 1}
17:02:52 INFO - Post creado con id=101
17:02:52 INFO - Enviando PATCH a https://jsonplaceholder.typicode.com/posts/101 con payload: {'title': 'Titulo actualizado por QA'}
17:02:52 INFO - Titulo actualizado correctamente
17:02:52 INFO - Enviando DELETE a https://jsonplaceholder.typicode.com/posts/101
17:02:53 INFO - Post 101 eliminado correctamente
17:02:53 INFO - Flujo completo en 2.28s
17:02:53 INFO - Enviando GET a https://reqres.in/api/users?page=1
17:02:54 INFO - Validaciones completas para usuario id=1
17:13:55 INFO - Verificando título de la página de inventario
17:23:54 INFO - Verificando título de la página de inventario
17:29:49 INFO - Verificando título de la página de inventario
17:31:52 INFO - Verificando título de la página de inventario
17:40:01 INFO - Verificando título de la página de inventario
00:00:08 INFO - Configurando WebDriver para toda la ejecucion
00:00:31 INFO - Iniciando sesion con standard_user para pruebas de carrito
00:00:39 INFO - Agregando producto 'Sauce Labs Backpack' al carrito
00:00:40 INFO - Verificando contador del carrito: obtenido=1, esperado=1
00:00:40 INFO - Iniciando sesion con standard_user para pruebas de carrito
00:00:47 INFO - Agregando producto 'Sauce Labs Backpack' al carrito
00:00:54 INFO - Iniciando sesion con standard_user para pruebas de carrito
00:00:55 INFO - Agregando producto 'Sauce Labs Bike Light' al carrito
00:00:56 INFO - Verificando presencia de 'Sauce Labs Bike Light' en el carrito: ['Sauce Labs Backpack', 'Sauce Labs Bike Light']
00:00:56 INFO - Iniciando sesion con standard_user para pruebas de carrito
00:00:57 INFO - Agregando producto 'Sauce Labs Bolt T-Shirt' al carrito
00:00:57 INFO - Verificando presencia de 'Sauce Labs Bolt T-Shirt' en el carrito: ['Sauce Labs Backpack', 'Sauce Labs Bike Light', 'Sauce Labs Bolt T-Shirt']
00:00:57 INFO - Abriendo la pagina de login
00:00:58 INFO - Ingresando credenciales usuario=standard_user
00:00:58 INFO - Verificando redireccion al inventario, titulo obtenido=Products
00:00:58 INFO - Abriendo la pagina de login
00:00:59 INFO - Ingresando credenciales usuario=standard_user
00:01:00 INFO - Verificando mensaje de error visible: 'Epic sadface: Username and password do not match any user in this service'
00:01:00 INFO - Abriendo la pagina de login
00:01:00 INFO - Ingresando credenciales usuario=locked_out_user
00:01:01 INFO - Verificando mensaje de error visible: 'Epic sadface: Sorry, this user has been locked out.'
00:01:01 INFO - Abriendo la pagina de login
00:01:01 INFO - Ingresando credenciales usuario=
00:01:02 INFO - Verificando mensaje de error visible: 'Epic sadface: Username is required'
00:01:02 INFO - Cerrando WebDriver, fin de la ejecucion
00:03:41 INFO - Configurando WebDriver para toda la ejecucion
00:03:59 INFO - Reseteando estado de la app antes de: Agregar un producto al carrito
00:04:04 INFO - Iniciando sesion con standard_user para pruebas de carrito
00:04:06 INFO - Agregando producto 'Sauce Labs Backpack' al carrito
00:04:06 INFO - Verificando contador del carrito: obtenido=1, esperado=1
00:04:06 INFO - Reseteando estado de la app antes de: Agregar multiples productos al carrito -- @1.1 
00:04:07 INFO - Iniciando sesion con standard_user para pruebas de carrito
00:04:09 INFO - Agregando producto 'Sauce Labs Backpack' al carrito
00:04:10 INFO - Verificando presencia de 'Sauce Labs Backpack' en el carrito: ['Sauce Labs Backpack']
00:04:10 INFO - Reseteando estado de la app antes de: Agregar multiples productos al carrito -- @1.2 
00:04:11 INFO - Iniciando sesion con standard_user para pruebas de carrito
00:04:13 INFO - Agregando producto 'Sauce Labs Bike Light' al carrito
00:04:13 INFO - Verificando presencia de 'Sauce Labs Bike Light' en el carrito: ['Sauce Labs Bike Light']
00:04:13 INFO - Reseteando estado de la app antes de: Agregar multiples productos al carrito -- @1.3 
00:04:14 INFO - Iniciando sesion con standard_user para pruebas de carrito
00:04:16 INFO - Agregando producto 'Sauce Labs Bolt T-Shirt' al carrito
00:04:16 INFO - Verificando presencia de 'Sauce Labs Bolt T-Shirt' en el carrito: ['Sauce Labs Bolt T-Shirt']
00:04:16 INFO - Reseteando estado de la app antes de: Login exitoso con credenciales validas
00:04:17 INFO - Abriendo la pagina de login
00:04:19 INFO - Ingresando credenciales usuario=standard_user
00:04:24 INFO - Verificando redireccion al inventario, titulo obtenido=Products
00:04:24 INFO - Reseteando estado de la app antes de: Login fallido con credenciales invalidas -- @1.1 
00:04:25 INFO - Abriendo la pagina de login
00:04:26 INFO - Ingresando credenciales usuario=standard_user
00:04:27 INFO - Verificando mensaje de error visible: 'Epic sadface: Username and password do not match any user in this service'
00:04:27 INFO - Reseteando estado de la app antes de: Login fallido con credenciales invalidas -- @1.2 
00:04:28 INFO - Abriendo la pagina de login
00:04:29 INFO - Ingresando credenciales usuario=locked_out_user
00:04:31 INFO - Verificando mensaje de error visible: 'Epic sadface: Sorry, this user has been locked out.'
00:04:31 INFO - Reseteando estado de la app antes de: Login fallido con credenciales invalidas -- @1.3 
00:04:31 INFO - Abriendo la pagina de login
00:04:32 INFO - Ingresando credenciales usuario=
00:04:32 INFO - Verificando mensaje de error visible: 'Epic sadface: Username is required'
00:04:32 INFO - Cerrando WebDriver, fin de la ejecucion
00:09:51 INFO - Ejecutando behave con tags=@smoke, comando: py -m behave features --tags @smoke -f json -o reports\behave\smoke.json -f pretty -o reports\behave\smoke_pretty.txt
00:09:52 INFO - Configurando WebDriver para toda la ejecucion
00:10:13 INFO - Reseteando estado de la app antes de: Login exitoso con credenciales validas
00:10:17 INFO - Abriendo la pagina de login
00:10:18 INFO - Ingresando credenciales usuario=standard_user
00:10:20 INFO - Verificando redireccion al inventario, titulo obtenido=Products
00:10:20 INFO - Cerrando WebDriver, fin de la ejecucion
00:10:25 INFO - Behave finalizo con returncode=0
00:10:25 INFO - Ejecutando behave con tags=@regression, comando: py -m behave features --tags @regression -f json -o reports\behave\regression.json -f pretty -o reports\behave\regression_pretty.txt
00:10:26 INFO - Configurando WebDriver para toda la ejecucion
00:10:46 INFO - Reseteando estado de la app antes de: Agregar un producto al carrito
00:10:50 INFO - Iniciando sesion con standard_user para pruebas de carrito
00:10:56 INFO - Agregando producto 'Sauce Labs Backpack' al carrito
00:10:56 INFO - Verificando contador del carrito: obtenido=1, esperado=1
00:10:56 INFO - Reseteando estado de la app antes de: Agregar multiples productos al carrito -- @1.1 
00:10:57 INFO - Iniciando sesion con standard_user para pruebas de carrito
00:10:59 INFO - Agregando producto 'Sauce Labs Backpack' al carrito
00:11:00 INFO - Verificando presencia de 'Sauce Labs Backpack' en el carrito: ['Sauce Labs Backpack']
00:11:00 INFO - Reseteando estado de la app antes de: Agregar multiples productos al carrito -- @1.2 
00:11:01 INFO - Iniciando sesion con standard_user para pruebas de carrito
00:11:02 INFO - Agregando producto 'Sauce Labs Bike Light' al carrito
00:11:03 INFO - Verificando presencia de 'Sauce Labs Bike Light' en el carrito: ['Sauce Labs Bike Light']
00:11:03 INFO - Reseteando estado de la app antes de: Agregar multiples productos al carrito -- @1.3 
00:11:03 INFO - Iniciando sesion con standard_user para pruebas de carrito
00:11:05 INFO - Agregando producto 'Sauce Labs Bolt T-Shirt' al carrito
00:11:05 INFO - Verificando presencia de 'Sauce Labs Bolt T-Shirt' en el carrito: ['Sauce Labs Bolt T-Shirt']
00:11:06 INFO - Cerrando WebDriver, fin de la ejecucion
00:11:12 INFO - Behave finalizo con returncode=0
00:15:21 INFO - Ejecutando behave con tags=@smoke, comando: py -m behave features --tags @smoke -f json -o reports\behave\smoke.json -f pretty -o reports\behave\smoke_pretty.txt
00:15:23 INFO - Configurando WebDriver para toda la ejecucion
00:15:41 INFO - Reseteando estado de la app antes de: Login exitoso con credenciales validas
00:15:45 INFO - Abriendo la pagina de login
00:15:45 INFO - Ingresando credenciales usuario=standard_user
00:15:47 INFO - Verificando redireccion al inventario, titulo obtenido=Products
00:15:47 INFO - Cerrando WebDriver, fin de la ejecucion
00:15:53 INFO - Behave finalizo con returncode=0
00:15:53 INFO - Ejecutando behave con tags=@regression, comando: py -m behave features --tags @regression -f json -o reports\behave\regression.json -f pretty -o reports\behave\regression_pretty.txt
00:15:55 INFO - Configurando WebDriver para toda la ejecucion
00:16:10 INFO - Reseteando estado de la app antes de: Agregar un producto al carrito
00:16:13 INFO - Iniciando sesion con standard_user para pruebas de carrito
00:16:20 INFO - Agregando producto 'Sauce Labs Backpack' al carrito
00:16:21 INFO - Verificando contador del carrito: obtenido=1, esperado=1
00:16:21 INFO - Reseteando estado de la app antes de: Agregar multiples productos al carrito -- @1.1 
00:16:22 INFO - Iniciando sesion con standard_user para pruebas de carrito
00:16:23 INFO - Agregando producto 'Sauce Labs Backpack' al carrito
00:16:25 INFO - Verificando presencia de 'Sauce Labs Backpack' en el carrito: ['Sauce Labs Backpack']
00:16:25 INFO - Reseteando estado de la app antes de: Agregar multiples productos al carrito -- @1.2 
00:16:26 INFO - Iniciando sesion con standard_user para pruebas de carrito
00:16:28 INFO - Agregando producto 'Sauce Labs Bike Light' al carrito
00:16:28 INFO - Verificando presencia de 'Sauce Labs Bike Light' en el carrito: ['Sauce Labs Bike Light']
00:16:28 INFO - Reseteando estado de la app antes de: Agregar multiples productos al carrito -- @1.3 
00:16:28 INFO - Iniciando sesion con standard_user para pruebas de carrito
00:16:29 INFO - Agregando producto 'Sauce Labs Bolt T-Shirt' al carrito
00:16:30 INFO - Verificando presencia de 'Sauce Labs Bolt T-Shirt' en el carrito: ['Sauce Labs Bolt T-Shirt']
00:16:30 INFO - Cerrando WebDriver, fin de la ejecucion
00:16:37 INFO - Behave finalizo con returncode=0
00:17:36 INFO - Agregando primer producto y verificando contenido del carrito
00:18:16 INFO - Verificando nombres de productos en el carrito
00:18:45 INFO - Volviendo al inventario desde el carrito
00:19:18 INFO - Agregando producto 'Sauce Labs Backpack' al carrito desde JSON
00:19:18 INFO - Producto 'Sauce Labs Backpack' confirmado en el carrito
00:19:50 INFO - Agregando producto 'Sauce Labs Bike Light' al carrito desde JSON
00:19:50 INFO - Producto 'Sauce Labs Bike Light' confirmado en el carrito
00:20:14 INFO - Agregando producto 'Sauce Labs Bolt T-Shirt' al carrito desde JSON
00:20:14 INFO - Producto 'Sauce Labs Bolt T-Shirt' confirmado en el carrito
00:20:38 INFO - Ejecutando smoke test de carrito
00:20:38 INFO - Smoke test de carrito exitoso
00:21:01 INFO - Verificando título de la página de inventario
00:21:24 INFO - Verificando que hay productos visibles en el inventario
00:21:48 INFO - Agregando primer producto y verificando contador de carrito
00:22:13 INFO - Verificando visibilidad del filtro
00:22:38 INFO - Verificando visibilidad del menú
00:23:02 INFO - Navegando al carrito desde el inventario
00:23:25 INFO - Ejecutando logout desde el inventario
00:23:47 INFO - Iniciando flujo E2E con usuario=standard_user
00:23:54 INFO - Login realizado
00:23:54 INFO - Acceso a Products confirmado
00:23:55 INFO - Producto agregado, carrito con 1 producto(s)
00:23:55 INFO - Regreso al inventario confirmado
00:23:55 INFO - Logout realizado, flujo E2E completo
00:24:11 INFO - Probando login 'valido' con usuario=standard_user (se espera éxito=True)
00:24:19 INFO - Login exitoso para standard_user, se accedió a Products
00:24:36 INFO - Probando login 'bloqueado' con usuario=locked_out_user (se espera éxito=False)
00:24:42 INFO - Login fallido como se esperaba para locked_out_user, mensaje de error mostrado
00:24:58 INFO - Probando login 'valido' con usuario=problem_user (se espera éxito=True)
00:25:06 INFO - Login exitoso para problem_user, se accedió a Products
00:25:24 INFO - Probando login 'invalido' con usuario=usuario_malo (se espera éxito=False)
00:25:31 INFO - Login fallido como se esperaba para usuario_malo, mensaje de error mostrado
00:25:48 INFO - Ejecutando smoke test de login con standard_user
00:25:54 INFO - Smoke test de login exitoso
00:26:00 INFO - Creando usuario name=Lynn Rodgers, job=Designer, industrial/product
00:26:02 INFO - Usuario creado correctamente con id=595, createdAt=2026-07-05T03:25:26.383Z
00:26:03 INFO - Creando usuario name=Miss Sandra Robertson, job=Health and safety adviser
00:26:04 INFO - Usuario creado correctamente con id=898, createdAt=2026-07-05T03:25:28.055Z
00:26:04 INFO - Creando usuario name=Joseph Allison, job=Civil Service fast streamer
00:26:05 INFO - Usuario creado correctamente con id=153, createdAt=2026-07-05T03:25:29.337Z
00:26:05 INFO - Probando login 'valido' con usuario=eve.holt@reqres.in (se espera éxito=True)
00:26:07 INFO - Login exitoso para eve.holt@reqres.in, token recibido
00:26:07 INFO - Probando login 'sin_password' con usuario=eve.holt@reqres.in (se espera éxito=False)
00:26:09 INFO - Login fallido como se esperaba para eve.holt@reqres.in (status 400)
00:26:09 INFO - Enviando POST a https://jsonplaceholder.typicode.com/posts con payload: {'title': 'None should cut after discussion arrive power.', 'body': 'Name end listen and give cut low. Throw pressure no woman west. Garden board vote series tell.', 'id': 2}
00:26:10 INFO - Post creado con id=101
00:26:10 INFO - Enviando PATCH a https://jsonplaceholder.typicode.com/posts/101 con payload: {'title': 'Titulo actualizado por QA'}
00:26:10 INFO - Titulo actualizado correctamente
00:26:10 INFO - Enviando DELETE a https://jsonplaceholder.typicode.com/posts/101
00:26:11 INFO - Post 101 eliminado correctamente
00:26:11 INFO - Flujo completo en 1.98s
00:26:11 INFO - Enviando GET a https://reqres.in/api/users?page=1
00:26:13 INFO - Validaciones completas para usuario id=1
00:26:13 INFO - Ejecutando behave con tags=@smoke, comando: py -m behave features --tags @smoke -f json -o reports\behave\smoke.json -f pretty -o reports\behave\smoke_pretty.txt
00:26:14 INFO - Configurando WebDriver para toda la ejecucion
00:26:28 INFO - Reseteando estado de la app antes de: Login exitoso con credenciales validas
00:26:32 INFO - Abriendo la pagina de login
00:26:33 INFO - Ingresando credenciales usuario=standard_user
00:26:35 INFO - Verificando redireccion al inventario, titulo obtenido=Products
00:26:35 INFO - Cerrando WebDriver, fin de la ejecucion
00:26:41 INFO - Behave finalizo con returncode=0
00:26:41 INFO - Ejecutando behave con tags=@regression, comando: py -m behave features --tags @regression -f json -o reports\behave\regression.json -f pretty -o reports\behave\regression_pretty.txt
00:26:42 INFO - Configurando WebDriver para toda la ejecucion
00:26:55 INFO - Reseteando estado de la app antes de: Agregar un producto al carrito
00:26:59 INFO - Iniciando sesion con standard_user para pruebas de carrito
00:27:01 INFO - Agregando producto 'Sauce Labs Backpack' al carrito
00:27:02 INFO - Verificando contador del carrito: obtenido=1, esperado=1
00:27:02 INFO - Reseteando estado de la app antes de: Agregar multiples productos al carrito -- @1.1 
00:27:02 INFO - Iniciando sesion con standard_user para pruebas de carrito
00:27:03 INFO - Agregando producto 'Sauce Labs Backpack' al carrito
00:27:04 INFO - Verificando presencia de 'Sauce Labs Backpack' en el carrito: ['Sauce Labs Backpack']
00:27:04 INFO - Reseteando estado de la app antes de: Agregar multiples productos al carrito -- @1.2 
00:27:04 INFO - Iniciando sesion con standard_user para pruebas de carrito
00:27:05 INFO - Agregando producto 'Sauce Labs Bike Light' al carrito
00:27:05 INFO - Verificando presencia de 'Sauce Labs Bike Light' en el carrito: ['Sauce Labs Bike Light']
00:27:05 INFO - Reseteando estado de la app antes de: Agregar multiples productos al carrito -- @1.3 
00:27:06 INFO - Iniciando sesion con standard_user para pruebas de carrito
00:27:08 INFO - Agregando producto 'Sauce Labs Bolt T-Shirt' al carrito
00:27:08 INFO - Verificando presencia de 'Sauce Labs Bolt T-Shirt' en el carrito: ['Sauce Labs Bolt T-Shirt']
00:27:08 INFO - Cerrando WebDriver, fin de la ejecucion
00:27:13 INFO - Behave finalizo con returncode=0
